[19:27:59,079][WARNING][main][G] Ignite work directory is not provided, automatically resolved to: C:\apache-ignite-2.8.1-bin\work
[19:27:59,494][INFO][main][IgniteKernal] 

>>>    __________  ________________  
>>>   /  _/ ___/ |/ /  _/_  __/ __/  
>>>  _/ // (7 7    // /  / / / _/    
>>> /___/\___/_/|_/___/ /_/ /___/   
>>> 
>>> ver. 2.8.1#20200521-sha1:86422096
>>> 2020 Copyright(C) Apache Software Foundation
>>> 
>>> Ignite documentation: http://ignite.apache.org

[19:27:59,526][INFO][main][IgniteKernal] Config URL: file:/C:/apache-ignite-2.8.1-bin/config/default-config.xml
[19:27:59,575][INFO][main][IgniteKernal] IgniteConfiguration [igniteInstanceName=null, pubPoolSize=8, svcPoolSize=8, callbackPoolSize=8, stripedPoolSize=8, sysPoolSize=8, mgmtPoolSize=4, igfsPoolSize=8, dataStreamerPoolSize=8, utilityCachePoolSize=8, utilityCacheKeepAliveTime=60000, p2pPoolSize=2, qryPoolSize=8, sqlQryHistSize=1000, dfltQryTimeout=0, igniteHome=C:\apache-ignite-2.8.1-bin, igniteWorkDir=C:\apache-ignite-2.8.1-bin\work, mbeanSrv=com.sun.jmx.mbeanserver.JmxMBeanServer@6f94fa3e, nodeId=53240e28-1940-4bbe-b18d-fff25e7da0ae, marsh=BinaryMarshaller [], marshLocJobs=false, daemon=false, p2pEnabled=false, netTimeout=5000, netCompressionLevel=1, sndRetryDelay=1000, sndRetryCnt=3, metricsHistSize=10000, metricsUpdateFreq=2000, metricsExpTime=9223372036854775807, discoSpi=TcpDiscoverySpi [addrRslvr=null, sockTimeout=0, ackTimeout=0, marsh=null, reconCnt=10, reconDelay=2000, maxAckTimeout=600000, soLinger=5, forceSrvMode=false, clientReconnectDisabled=false, internalLsnr=null, skipAddrsRandomization=false], segPlc=STOP, segResolveAttempts=2, waitForSegOnStart=true, allResolversPassReq=true, segChkFreq=10000, commSpi=TcpCommunicationSpi [connectGate=null, connPlc=org.apache.ignite.spi.communication.tcp.TcpCommunicationSpi$FirstConnectionPolicy@12468a38, chConnPlc=null, enableForcibleNodeKill=false, enableTroubleshootingLog=false, locAddr=null, locHost=null, locPort=47100, locPortRange=100, shmemPort=-1, directBuf=true, directSndBuf=false, idleConnTimeout=600000, connTimeout=5000, maxConnTimeout=600000, reconCnt=10, sockSndBuf=32768, sockRcvBuf=32768, msgQueueLimit=0, slowClientQueueLimit=0, nioSrvr=null, shmemSrv=null, usePairedConnections=false, connectionsPerNode=1, tcpNoDelay=true, filterReachableAddresses=false, ackSndThreshold=32, unackedMsgsBufSize=0, sockWriteTimeout=2000, boundTcpPort=-1, boundTcpShmemPort=-1, selectorsCnt=4, selectorSpins=0, addrRslvr=null, ctxInitLatch=java.util.concurrent.CountDownLatch@1aa7ecca[Count = 1], stopping=false, metricsLsnr=null], evtSpi=org.apache.ignite.spi.eventstorage.NoopEventStorageSpi@59309333, colSpi=NoopCollisionSpi [], deploySpi=LocalDeploymentSpi [], indexingSpi=org.apache.ignite.spi.indexing.noop.NoopIndexingSpi@6d763516, addrRslvr=null, encryptionSpi=org.apache.ignite.spi.encryption.noop.NoopEncryptionSpi@52bf72b5, clientMode=false, rebalanceThreadPoolSize=4, rebalanceTimeout=10000, rebalanceBatchesPrefetchCnt=3, rebalanceThrottle=0, rebalanceBatchSize=524288, txCfg=TransactionConfiguration [txSerEnabled=false, dfltIsolation=REPEATABLE_READ, dfltConcurrency=PESSIMISTIC, dfltTxTimeout=0, txTimeoutOnPartitionMapExchange=0, deadlockTimeout=10000, pessimisticTxLogSize=0, pessimisticTxLogLinger=10000, tmLookupClsName=null, txManagerFactory=null, useJtaSync=false], cacheSanityCheckEnabled=true, discoStartupDelay=60000, deployMode=SHARED, p2pMissedCacheSize=100, locHost=null, timeSrvPortBase=31100, timeSrvPortRange=100, failureDetectionTimeout=10000, sysWorkerBlockedTimeout=null, clientFailureDetectionTimeout=30000, metricsLogFreq=60000, hadoopCfg=null, connectorCfg=ConnectorConfiguration [jettyPath=null, host=null, port=11211, noDelay=true, directBuf=false, sndBufSize=32768, rcvBufSize=32768, idleQryCurTimeout=600000, idleQryCurCheckFreq=60000, sndQueueLimit=0, selectorCnt=4, idleTimeout=7000, sslEnabled=false, sslClientAuth=false, sslCtxFactory=null, sslFactory=null, portRange=100, threadPoolSize=8, msgInterceptor=null], odbcCfg=null, warmupClos=null, atomicCfg=AtomicConfiguration [seqReserveSize=1000, cacheMode=PARTITIONED, backups=1, aff=null, grpName=null], classLdr=null, sslCtxFactory=null, platformCfg=null, binaryCfg=null, memCfg=null, pstCfg=null, dsCfg=DataStorageConfiguration [sysRegionInitSize=41943040, sysRegionMaxSize=104857600, pageSize=0, concLvl=0, dfltDataRegConf=DataRegionConfiguration [name=default, maxSize=3413325414, initSize=268435456, swapPath=null, pageEvictionMode=DISABLED, evictionThreshold=0.9, emptyPagesPoolSize=100, metricsEnabled=false, metricsSubIntervalCount=5, metricsRateTimeInterval=60000, persistenceEnabled=false, checkpointPageBufSize=0, lazyMemoryAllocation=true], dataRegions=null, storagePath=null, checkpointFreq=180000, lockWaitTime=10000, checkpointThreads=4, checkpointWriteOrder=SEQUENTIAL, walHistSize=20, maxWalArchiveSize=1073741824, walSegments=10, walSegmentSize=67108864, walPath=db/wal, walArchivePath=db/wal/archive, metricsEnabled=false, walMode=LOG_ONLY, walTlbSize=131072, walBuffSize=0, walFlushFreq=2000, walFsyncDelay=1000, walRecordIterBuffSize=67108864, alwaysWriteFullPages=false, fileIOFactory=org.apache.ignite.internal.processors.cache.persistence.file.AsyncFileIOFactory@436813f3, metricsSubIntervalCnt=5, metricsRateTimeInterval=60000, walAutoArchiveAfterInactivity=-1, writeThrottlingEnabled=false, walCompactionEnabled=false, walCompactionLevel=1, checkpointReadLockTimeout=null, walPageCompression=DISABLED, walPageCompressionLevel=null], activeOnStart=true, autoActivation=true, longQryWarnTimeout=3000, sqlConnCfg=null, cliConnCfg=ClientConnectorConfiguration [host=null, port=10800, portRange=100, sockSndBufSize=0, sockRcvBufSize=0, tcpNoDelay=true, maxOpenCursorsPerConn=128, threadPoolSize=8, idleTimeout=0, handshakeTimeout=10000, jdbcEnabled=true, odbcEnabled=true, thinCliEnabled=true, sslEnabled=false, useIgniteSslCtxFactory=true, sslClientAuth=false, sslCtxFactory=null, thinCliCfg=ThinClientConfiguration [maxActiveTxPerConn=100]], mvccVacuumThreadCnt=2, mvccVacuumFreq=5000, authEnabled=false, failureHnd=null, commFailureRslvr=null]
[19:27:59,576][INFO][main][IgniteKernal] Daemon mode: off
[19:27:59,577][INFO][main][IgniteKernal] OS: Windows 10 10.0 amd64
[19:27:59,577][INFO][main][IgniteKernal] OS user: REAL HUMAN DEN
[19:27:59,579][INFO][main][IgniteKernal] PID: 8308
[19:27:59,581][INFO][main][IgniteKernal] Language runtime: Java Platform API Specification ver. 1.8
[19:27:59,581][INFO][main][IgniteKernal] VM information: Java(TM) SE Runtime Environment 1.8.0_261-b12 Oracle Corporation Java HotSpot(TM) 64-Bit Server VM 25.261-b12
[19:27:59,585][INFO][main][IgniteKernal] VM total memory: 0.96GB
[19:27:59,585][INFO][main][IgniteKernal] Remote Management [restart: on, REST: on, JMX (remote: on, port: 49117, auth: off, ssl: off)]
[19:27:59,586][INFO][main][IgniteKernal] Logger: JavaLogger [quiet=true, config=null]
[19:27:59,586][INFO][main][IgniteKernal] IGNITE_HOME=C:\apache-ignite-2.8.1-bin
[19:27:59,586][INFO][main][IgniteKernal] VM arguments: [-XX:+AggressiveOpts, -Xms1g, -Xmx1g, -XX:MaxMetaspaceSize=256m, -DIGNITE_QUIET=true, -DIGNITE_SUCCESS_FILE=C:\apache-ignite-2.8.1-bin\work\ignite_success_6e2eaeed-a598-4c5b-849d-3c8f201a9868, -Dcom.sun.management.jmxremote, -Dcom.sun.management.jmxremote.port=49117, -Dcom.sun.management.jmxremote.authenticate=false, -Dcom.sun.management.jmxremote.ssl=false, -DIGNITE_HOME=C:\apache-ignite-2.8.1-bin, -DIGNITE_PROG_NAME=ignite.bat, -Dfile.encoding=UTF-8]
[19:27:59,587][INFO][main][IgniteKernal] System cache's DataRegion size is configured to 40 MB. Use DataStorageConfiguration.systemRegionInitialSize property to change the setting.
[19:27:59,587][INFO][main][IgniteKernal] Configured caches [in 'sysMemPlc' dataRegion: ['ignite-sys-cache']]
[19:27:59,588][WARNING][main][IgniteKernal] Please set system property '-Djava.net.preferIPv4Stack=true' to avoid possible problems in mixed environments.
[19:27:59,594][WARNING][pub-#19][GridDiagnostic] This operating system has been tested less rigorously: Windows 10 10.0 amd64. Our team will appreciate the feedback if you experience any problems running ignite in this environment.
[19:27:59,601][INFO][main][IgniteKernal] 3-rd party licenses can be found at: C:\apache-ignite-2.8.1-bin\libs\licenses
[19:27:59,784][INFO][main][IgnitePluginProcessor] Configured plugins:
[19:27:59,787][INFO][main][IgnitePluginProcessor]   ^-- None
[19:27:59,789][INFO][main][IgnitePluginProcessor] 
[19:27:59,802][INFO][main][FailureProcessor] Configured failure handler: [hnd=StopNodeOrHaltFailureHandler [tryStop=false, timeout=0, super=AbstractFailureHandler [ignoredFailureTypes=UnmodifiableSet [SYSTEM_WORKER_BLOCKED, SYSTEM_CRITICAL_OPERATION_TIMEOUT]]]]
[19:28:00,493][INFO][main][TcpCommunicationSpi] Successfully bound communication NIO server to TCP port [port=47100, locHost=0.0.0.0/0.0.0.0, selectorsCnt=4, selectorSpins=0, pairedConn=false]
[19:28:00,866][WARNING][main][TcpCommunicationSpi] Message queue limit is set to 0 which may lead to potential OOMEs when running cache operations in FULL_ASYNC or PRIMARY_SYNC modes due to message queues growth on sender and receiver sides.
[19:28:00,894][WARNING][main][NoopCheckpointSpi] Checkpoints are disabled (to enable configure any GridCheckpointSpi implementation)
[19:28:00,956][WARNING][main][GridCollisionManager] Collision resolution is disabled (all jobs will be activated upon arrival).
[19:28:00,967][INFO][main][IgniteKernal] Security status [authentication=off, tls/ssl=off]
[19:28:01,431][INFO][main][TcpDiscoverySpi] Successfully bound to TCP port [port=47500, localHost=0.0.0.0/0.0.0.0, locNodeId=53240e28-1940-4bbe-b18d-fff25e7da0ae]
[19:28:01,486][WARNING][main][IgniteCacheDatabaseSharedManager] DataRegionConfiguration.maxWalArchiveSize instead DataRegionConfiguration.walHistorySize would be used for removing old archive wal files
[19:28:01,509][INFO][main][IgniteCacheDatabaseSharedManager] Configured data regions initialized successfully [total=3]
[19:28:01,534][INFO][main][PartitionsEvictManager] Evict partition permits=2
[19:28:01,643][WARNING][main][IgniteH2Indexing] Serialization of Java objects in H2 was enabled.
[19:28:02,029][INFO][main][ClientListenerProcessor] Client connector processor has started on TCP port 10800
[19:28:02,204][INFO][main][GridTcpRestProtocol] Command protocol successfully started [name=TCP binary, host=0.0.0.0/0.0.0.0, port=11211]
[19:28:03,248][INFO][main][IgniteKernal] Non-loopback local IPs: 192.168.1.47, fe80:0:0:0:400a:6df5:26ff:fa37%wlan2, fe80:0:0:0:7501:cf71:2a4b:5f%eth0, fe80:0:0:0:8d66:9082:34cb:e270%wlan1, fe80:0:0:0:e0f9:f399:a9e3:7cd2%wlan0, fe80:0:0:0:fd0f:a698:41c3:1bce%eth2
[19:28:03,248][INFO][main][IgniteKernal] Enabled local MACs: 0090F5D009C0, 94DBC9145060, 94DBC9506A18
[19:28:03,312][INFO][main][TcpDiscoverySpi] Connection check threshold is calculated: 10000
[19:28:03,318][WARNING][main][TcpDiscoveryMulticastIpFinder] TcpDiscoveryMulticastIpFinder has no pre-configured addresses (it is recommended in production to specify at least one address in TcpDiscoveryMulticastIpFinder.getAddresses() configuration property)
[19:28:06,430][INFO][disco-notifier-worker-#41][GridClusterStateProcessor] Received activate request with BaselineTopology[id=0]
[19:28:06,434][INFO][disco-notifier-worker-#41][GridClusterStateProcessor] Started state transition: true
[19:28:06,437][INFO][disco-notifier-worker-#41][GridClusterStateProcessor] Received state change finish message: true
[19:28:06,440][INFO][disco-notifier-worker-#41][MvccProcessorImpl] Assigned mvcc coordinator [crd=MvccCoordinator [topVer=AffinityTopologyVersion [topVer=1, minorTopVer=0], nodeId=53240e28-1940-4bbe-b18d-fff25e7da0ae, ver=1601656086393, local=true, initialized=false]]
[19:28:06,560][INFO][disco-notifier-worker-#41][DistributedBaselineConfiguration] Baseline parameter 'baselineAutoAdjustEnabled' was changed from 'null' to 'true'
[19:28:06,570][INFO][disco-notifier-worker-#41][DistributedBaselineConfiguration] Baseline parameter 'baselineAutoAdjustTimeout' was changed from 'null' to '0'
[19:28:06,574][INFO][disco-notifier-worker-#41][IgniteH2Indexing] SQL parameter 'sql.disabledFunctions' was changed from 'null' to '[FILE_WRITE, CANCEL_SESSION, MEMORY_USED, CSVREAD, LINK_SCHEMA, MEMORY_FREE, FILE_READ, CSVWRITE, SESSION_ID, LOCK_MODE]'
[19:28:06,660][INFO][exchange-worker-#43][time] Started exchange init [topVer=AffinityTopologyVersion [topVer=1, minorTopVer=0], crd=true, evt=NODE_JOINED, evtNode=53240e28-1940-4bbe-b18d-fff25e7da0ae, customEvt=null, allowMerge=false, exchangeFreeSwitch=false]
[19:28:06,710][INFO][exchange-worker-#43][IgniteCacheDatabaseSharedManager] Configured data regions started successfully [total=3]
[19:28:06,711][INFO][exchange-worker-#43][msg] Components activation performed in 50 ms.
[19:28:07,156][INFO][exchange-worker-#43][GridCacheProcessor] Started cache [name=ignite-sys-cache, id=-2100569601, dataRegionName=sysMemPlc, mode=REPLICATED, atomicity=TRANSACTIONAL, backups=2147483647, mvcc=false]
[19:28:07,159][INFO][exchange-worker-#43][GridCacheProcessor] Starting caches on local join performed in 444 ms.
[19:28:07,200][INFO][exchange-worker-#43][GridDhtPartitionsExchangeFuture] Skipped waiting for partitions release future (local node is joining) [topVer=AffinityTopologyVersion [topVer=1, minorTopVer=0]]
[19:28:07,362][INFO][exchange-worker-#43][GridDhtPartitionsExchangeFuture] finishExchangeOnCoordinator [topVer=AffinityTopologyVersion [topVer=1, minorTopVer=0], resVer=AffinityTopologyVersion [topVer=1, minorTopVer=0]]
[19:28:07,404][INFO][exchange-worker-#43][GridDhtPartitionsExchangeFuture] Finish exchange future [startVer=AffinityTopologyVersion [topVer=1, minorTopVer=0], resVer=AffinityTopologyVersion [topVer=1, minorTopVer=0], err=null, rebalanced=true, wasRebalanced=false]
[19:28:07,430][INFO][exchange-worker-#43][GridCacheProcessor] Finish proxy initialization, cacheName=ignite-sys-cache, localNodeId=53240e28-1940-4bbe-b18d-fff25e7da0ae
[19:28:07,431][INFO][exchange-worker-#43][GridDhtPartitionsExchangeFuture] Completed partition exchange [localNode=53240e28-1940-4bbe-b18d-fff25e7da0ae, exchange=GridDhtPartitionsExchangeFuture [topVer=AffinityTopologyVersion [topVer=1, minorTopVer=0], evt=NODE_JOINED, evtNode=TcpDiscoveryNode [id=53240e28-1940-4bbe-b18d-fff25e7da0ae, consistentId=0:0:0:0:0:0:0:1,127.0.0.1,192.168.1.47:47500, addrs=ArrayList [0:0:0:0:0:0:0:1, 127.0.0.1, 192.168.1.47], sockAddrs=HashSet [/0:0:0:0:0:0:0:1:47500, /127.0.0.1:47500, DESKTOP-Q7SN2CC/192.168.1.47:47500], discPort=47500, order=1, intOrder=1, lastExchangeTime=1601656083308, loc=true, ver=2.8.1#20200521-sha1:86422096, isClient=false], done=true, newCrdFut=null], topVer=AffinityTopologyVersion [topVer=1, minorTopVer=0]]
[19:28:07,433][INFO][exchange-worker-#43][GridDhtPartitionsExchangeFuture] Exchange timings [startVer=AffinityTopologyVersion [topVer=1, minorTopVer=0], resVer=AffinityTopologyVersion [topVer=1, minorTopVer=0], stage="Waiting in exchange queue" (174 ms), stage="Exchange parameters initialization" (5 ms), stage="Components activation" (50 ms), stage="Determine exchange type" (485 ms), stage="Preloading notification" (1 ms), stage="WAL history reservation" (0 ms), stage="After states restored callback" (162 ms), stage="Waiting for all single messages" (0 ms), stage="Affinity recalculation (crd)" (0 ms), stage="Collect update counters and create affinity messages" (1 ms), stage="Validate partitions states" (5 ms), stage="Assign partitions states" (1 ms), stage="Apply update counters" (0 ms), stage="Full message preparing" (31 ms), stage="Full message sending" (0 ms), stage="State finish message sending" (0 ms), stage="Exchange done" (27 ms), stage="Total time" (942 ms)]
[19:28:07,434][INFO][exchange-worker-#43][GridDhtPartitionsExchangeFuture] Exchange longest local stages [startVer=AffinityTopologyVersion [topVer=1, minorTopVer=0], resVer=AffinityTopologyVersion [topVer=1, minorTopVer=0], stage="Coordinator affinity cache init [grp=ignite-sys-cache]" (463 ms) (parent=Determine exchange type), stage="First node affinity initialization (node join) [grp=ignite-sys-cache]" (14 ms) (parent=Determine exchange type)]
[19:28:07,437][INFO][exchange-worker-#43][time] Finished exchange init [topVer=AffinityTopologyVersion [topVer=1, minorTopVer=0], crd=true]
[19:28:07,447][INFO][exchange-worker-#43][GridCachePartitionExchangeManager] Skipping rebalancing (nothing scheduled) [top=AffinityTopologyVersion [topVer=1, minorTopVer=0], force=false, evt=NODE_JOINED, node=53240e28-1940-4bbe-b18d-fff25e7da0ae]
[19:28:07,621][INFO][main][IgniteKernal] Performance suggestions for grid  (fix if possible)
[19:28:07,624][INFO][main][IgniteKernal] To disable, set -DIGNITE_PERFORMANCE_SUGGESTIONS_DISABLED=true
[19:28:07,628][INFO][main][IgniteKernal]   ^-- Enable G1 Garbage Collector (add '-XX:+UseG1GC' to JVM options)
[19:28:07,629][INFO][main][IgniteKernal]   ^-- Set max direct memory size if getting 'OOME: Direct buffer memory' (add '-XX:MaxDirectMemorySize=<size>[g|G|m|M|k|K]' to JVM options)
[19:28:07,631][INFO][main][IgniteKernal]   ^-- Disable processing of calls to System.gc() (add '-XX:+DisableExplicitGC' to JVM options)
[19:28:07,637][INFO][main][IgniteKernal] Refer to this page for more performance suggestions: https://apacheignite.readme.io/docs/jvm-and-system-tuning
[19:28:07,640][INFO][main][IgniteKernal] 
[19:28:07,642][INFO][main][IgniteKernal] To start Console Management & Monitoring run ignitevisorcmd.{sh|bat}
[19:28:07,664][INFO][main][IgniteKernal] Data Regions Configured:
[19:28:07,665][INFO][main][IgniteKernal]   ^-- default [initSize=256,0 MiB, maxSize=3,2 GiB, persistence=false, lazyMemoryAllocation=true]
[19:28:07,668][INFO][main][IgniteKernal] 

>>> +----------------------------------------------------------------------+
>>> Ignite ver. 2.8.1#20200521-sha1:864220966caa4157c4fee8a1bc85171623963604
>>> +----------------------------------------------------------------------+
>>> OS name: Windows 10 10.0 amd64
>>> CPU(s): 8
>>> Heap: 1.0GB
>>> VM name: 8308@DESKTOP-Q7SN2CC
>>> Local node [ID=53240E28-1940-4BBE-B18D-FFF25E7DA0AE, order=1, clientMode=false]
>>> Local node addresses: [DESKTOP-Q7SN2CC/0:0:0:0:0:0:0:1, /127.0.0.1, /192.168.1.47]
>>> Local ports: TCP:10800 TCP:11211 TCP:47100 UDP:47400 TCP:47500 

[19:28:07,681][INFO][main][GridDiscoveryManager] Topology snapshot [ver=1, locNode=53240e28, servers=1, clients=0, state=ACTIVE, CPUs=8, offheap=3.2GB, heap=1.0GB]
[19:28:07,681][INFO][main][GridDiscoveryManager]   ^-- Baseline [id=0, size=1, online=1, offline=0]
[19:28:07,685][INFO][main][G] Node started : [stage="Configure system pool" (142 ms),stage="Start managers" (1532 ms),stage="Configure binary metadata" (133 ms),stage="Start processors" (1135 ms),stage="Init metastore" (991 ms),stage="Finish recovery" (0 ms),stage="Join topology" (3159 ms),stage="Await transition" (83 ms),stage="Await exchange" (1159 ms),stage="Total time" (8334 ms)]
[19:28:16,556][INFO][ignite-update-notifier-timer][GridUpdateNotifier] Your version is up to date.
[19:29:07,641][INFO][grid-timeout-worker-#23][IgniteKernal] 
Metrics for local node (to disable set 'metricsLogFrequency' to 0)
    ^-- Node [id=53240e28, uptime=00:01:00.033]
    ^-- H/N/C [hosts=1, nodes=1, CPUs=8]
    ^-- CPU [cur=0,53%, avg=0,82%, GC=0%]
    ^-- PageMemory [pages=200]
    ^-- Heap [used=79MB, free=91,87%, comm=981MB]
    ^-- Off-heap [used=0MB, free=99,98%, comm=80MB]
    ^--   sysMemPlc region [used=0MB, free=99,21%, comm=40MB]
    ^--   default region [used=0MB, free=100%, comm=0MB]
    ^--   TxLog region [used=0MB, free=100%, comm=40MB]
    ^-- Outbound messages queue [size=0]
    ^-- Public thread pool [active=0, idle=0, qSize=0]
    ^-- System thread pool [active=0, idle=6, qSize=0]
[19:30:07,652][INFO][grid-timeout-worker-#23][IgniteKernal] 
Metrics for local node (to disable set 'metricsLogFrequency' to 0)
    ^-- Node [id=53240e28, uptime=00:02:00.040]
    ^-- H/N/C [hosts=1, nodes=1, CPUs=8]
    ^-- CPU [cur=0%, avg=0,56%, GC=0%]
    ^-- PageMemory [pages=200]
    ^-- Heap [used=84MB, free=91,39%, comm=981MB]
    ^-- Off-heap [used=0MB, free=99,98%, comm=80MB]
    ^--   sysMemPlc region [used=0MB, free=99,21%, comm=40MB]
    ^--   default region [used=0MB, free=100%, comm=0MB]
    ^--   TxLog region [used=0MB, free=100%, comm=40MB]
    ^-- Outbound messages queue [size=0]
    ^-- Public thread pool [active=0, idle=0, qSize=0]
    ^-- System thread pool [active=0, idle=6, qSize=0]
